<?xml version="1.0" encoding="UTF-8"?>
<testsuite xmlns:xsi="http://www.w3.org/2001/XMLSchema-instance" xsi:noNamespaceSchemaLocation="https://maven.apache.org/surefire/maven-surefire-plugin/xsd/surefire-test-report-3.0.xsd" version="3.0" name="runner.TestRunner" time="0.561" tests="4" errors="0" skipped="0" failures="0">
  <properties>
[...]
</properties>
  <testcase name="Scenario 1 Of Test Feature" classname="Cucumber Test Feature" time="0.14"/>
  <testcase name="Scenario 2 Of Test Feature #1" classname="Cucumber Test Feature" time="0"/>
  <testcase name="Scenario 3 Of Test Feature" classname="Cucumber Test Feature" time="0.001"/>
  <testcase name="Scenario 2 Of Test Feature #2" classname="Cucumber Test Feature" time="0.002"/>
</testsuite>